Mar 20 12:05:19.392 TRACE 1 com.amazon.dsi.core.impl.DSIDriver.getProperty(5): +++++ enter +++++
Mar 20 12:05:19.393 INFO  1 com.amazon.jdbc.common.BaseConnectionFactory.getConnection: Driver Version: 01.02.01.1001
Mar 20 12:05:19.393 TRACE 1 com.amazon.dsi.core.impl.DSIDriver.getProperty(20): +++++ enter +++++
Mar 20 12:05:19.395 TRACE 1 com.amazon.dsi.core.impl.DSIEnvironment.DSIEnvironment(com.amazon.redshift.core.PGJDBCDriver@4f47d241): +++++ enter +++++
Mar 20 12:05:19.396 TRACE 1 com.amazon.redshift.core.PGJDBCEnvironment.PGJDBCEnvironment(com.amazon.redshift.core.PGJDBCDriver@4f47d241): +++++ enter +++++
Mar 20 12:05:19.396 TRACE 1 com.amazon.redshift.core.PGJDBCEnvironment.createConnection(): +++++ enter +++++
Mar 20 12:05:19.400 TRACE 1 com.amazon.dsi.core.impl.DSIDriver.getProperty(3): +++++ enter +++++
Mar 20 12:05:19.400 TRACE 1 com.amazon.dsi.core.impl.DSIDriver.getProperty(5): +++++ enter +++++
Mar 20 12:05:20.277 TRACE 1 com.amazon.dsi.core.impl.DSIEnvironment.getProperty(4): +++++ enter +++++
Mar 20 12:05:20.776 TRACE 1 com.amazon.dsi.core.impl.DSIDriver.getProperty(36): +++++ enter +++++
Mar 20 12:05:20.778 TRACE 1 com.amazon.dsi.core.impl.DSIEnvironment.getProperty(4): +++++ enter +++++
Mar 20 12:05:20.778 TRACE 1 com.amazon.dsi.core.impl.DSIDriver.getProperty(10): +++++ enter +++++
Mar 20 12:09:02.399 TRACE 1 com.amazon.dsi.core.impl.DSIDriver.getProperty(5): +++++ enter +++++
Mar 20 12:09:02.400 INFO  1 com.amazon.jdbc.common.BaseConnectionFactory.getConnection: Driver Version: 01.02.01.1001
Mar 20 12:09:02.400 TRACE 1 com.amazon.dsi.core.impl.DSIDriver.getProperty(20): +++++ enter +++++
Mar 20 12:09:02.402 TRACE 1 com.amazon.dsi.core.impl.DSIEnvironment.DSIEnvironment(com.amazon.redshift.core.PGJDBCDriver@4f47d241): +++++ enter +++++
Mar 20 12:09:02.402 TRACE 1 com.amazon.redshift.core.PGJDBCEnvironment.PGJDBCEnvironment(com.amazon.redshift.core.PGJDBCDriver@4f47d241): +++++ enter +++++
Mar 20 12:09:02.402 TRACE 1 com.amazon.redshift.core.PGJDBCEnvironment.createConnection(): +++++ enter +++++
Mar 20 12:09:02.410 TRACE 1 com.amazon.dsi.core.impl.DSIDriver.getProperty(3): +++++ enter +++++
Mar 20 12:09:02.410 TRACE 1 com.amazon.dsi.core.impl.DSIDriver.getProperty(5): +++++ enter +++++
Mar 20 12:09:03.262 TRACE 1 com.amazon.dsi.core.impl.DSIEnvironment.getProperty(4): +++++ enter +++++
Mar 20 12:09:03.790 TRACE 1 com.amazon.dsi.core.impl.DSIDriver.getProperty(36): +++++ enter +++++
Mar 20 12:09:03.791 TRACE 1 com.amazon.dsi.core.impl.DSIEnvironment.getProperty(4): +++++ enter +++++
Mar 20 12:09:03.792 TRACE 1 com.amazon.dsi.core.impl.DSIDriver.getProperty(10): +++++ enter +++++
Mar 20 12:09:41.173 TRACE 1 com.amazon.dsi.core.impl.DSIDriver.getProperty(5): +++++ enter +++++
Mar 20 12:09:41.174 INFO  1 com.amazon.jdbc.common.BaseConnectionFactory.getConnection: Driver Version: 01.02.01.1001
Mar 20 12:09:41.174 TRACE 1 com.amazon.dsi.core.impl.DSIDriver.getProperty(20): +++++ enter +++++
Mar 20 12:09:41.176 TRACE 1 com.amazon.dsi.core.impl.DSIEnvironment.DSIEnvironment(com.amazon.redshift.core.PGJDBCDriver@4f47d241): +++++ enter +++++
Mar 20 12:09:41.176 TRACE 1 com.amazon.redshift.core.PGJDBCEnvironment.PGJDBCEnvironment(com.amazon.redshift.core.PGJDBCDriver@4f47d241): +++++ enter +++++
Mar 20 12:09:41.176 TRACE 1 com.amazon.redshift.core.PGJDBCEnvironment.createConnection(): +++++ enter +++++
Mar 20 12:09:41.180 TRACE 1 com.amazon.dsi.core.impl.DSIDriver.getProperty(3): +++++ enter +++++
Mar 20 12:09:41.180 TRACE 1 com.amazon.dsi.core.impl.DSIDriver.getProperty(5): +++++ enter +++++
Mar 20 12:09:42.041 TRACE 1 com.amazon.dsi.core.impl.DSIEnvironment.getProperty(4): +++++ enter +++++
Mar 20 12:09:42.547 TRACE 1 com.amazon.dsi.core.impl.DSIDriver.getProperty(36): +++++ enter +++++
Mar 20 12:09:42.547 TRACE 1 com.amazon.dsi.core.impl.DSIEnvironment.getProperty(4): +++++ enter +++++
Mar 20 12:09:42.547 TRACE 1 com.amazon.dsi.core.impl.DSIDriver.getProperty(10): +++++ enter +++++
